\BOOKMARK [1][-]{section.1}{Introduction}{}% 1
\BOOKMARK [2][-]{subsection.1.1}{Identification}{section.1}% 2
\BOOKMARK [2][-]{subsection.1.2}{Related Documentation}{section.1}% 3
\BOOKMARK [1][-]{section.2}{System Architecture}{}% 4
\BOOKMARK [2][-]{subsection.2.1}{Diagram}{section.2}% 5
\BOOKMARK [2][-]{subsection.2.2}{Rationale}{section.2}% 6
\BOOKMARK [1][-]{section.3}{State Charts}{}% 7
\BOOKMARK [2][-]{subsection.3.1}{Advertisement}{section.3}% 8
\BOOKMARK [3][-]{subsubsection.3.1.1}{Diagram}{subsection.3.1}% 9
\BOOKMARK [3][-]{subsubsection.3.1.2}{Rationale}{subsection.3.1}% 10
\BOOKMARK [2][-]{subsection.3.2}{Student}{section.3}% 11
\BOOKMARK [3][-]{subsubsection.3.2.1}{Diagram}{subsection.3.2}% 12
\BOOKMARK [3][-]{subsubsection.3.2.2}{Rationale}{subsection.3.2}% 13
\BOOKMARK [1][-]{section.4}{Class Diagrams and API Specifications}{}% 14
\BOOKMARK [2][-]{subsection.4.1}{Advert Manager}{section.4}% 15
\BOOKMARK [3][-]{subsubsection.4.1.1}{Class Diagram}{subsection.4.1}% 16
\BOOKMARK [3][-]{subsubsection.4.1.2}{API Specification}{subsection.4.1}% 17
\BOOKMARK [2][-]{subsection.4.2}{Session}{section.4}% 18
\BOOKMARK [3][-]{subsubsection.4.2.1}{Class Diagram}{subsection.4.2}% 19
\BOOKMARK [3][-]{subsubsection.4.2.2}{API Specification}{subsection.4.2}% 20
\BOOKMARK [2][-]{subsection.4.3}{User Interface}{section.4}% 21
\BOOKMARK [3][-]{subsubsection.4.3.1}{Class Diagram}{subsection.4.3}% 22
\BOOKMARK [3][-]{subsubsection.4.3.2}{API Specification}{subsection.4.3}% 23
\BOOKMARK [2][-]{subsection.4.4}{Admin}{section.4}% 24
\BOOKMARK [3][-]{subsubsection.4.4.1}{Class Diagram}{subsection.4.4}% 25
\BOOKMARK [3][-]{subsubsection.4.4.2}{API Specification}{subsection.4.4}% 26
\BOOKMARK [2][-]{subsection.4.5}{Login Prompt}{section.4}% 27
\BOOKMARK [3][-]{subsubsection.4.5.1}{Class Diagram}{subsection.4.5}% 28
\BOOKMARK [3][-]{subsubsection.4.5.2}{API Specification}{subsection.4.5}% 29
\BOOKMARK [2][-]{subsection.4.6}{Database}{section.4}% 30
\BOOKMARK [3][-]{subsubsection.4.6.1}{Class Diagram}{subsection.4.6}% 31
\BOOKMARK [3][-]{subsubsection.4.6.2}{API Specification}{subsection.4.6}% 32
\BOOKMARK [1][-]{section.5}{Acceptance Test Plan}{}% 33
